{"level":"error","message":"Error al querer leer el contenido del archivo: C:\\Users\\epetrone.NETFINITY\\Desktop\\BackEnd\\Desafio_TEST_API_EP/fileDB/carritos.json"}
{"level":"error","message":"No existe objeto con id:"}
{"level":"error","message":"No existe objeto con id: 2"}
{"level":"error","message":"Error al obtener objeto con id 4 de la colección productosNew..."}
{"level":"error","message":"Error al obtener objeto con id 4 de la colección productosNew..."}
{"level":"error","message":"Error al editar objeto con id 1 de la colección productosNew..."}
{"level":"error","message":"Error al eliminar objeto con id 2 de la colección productosNew..."}
{"level":"error","message":"Pasaron cosas al guardar nuevo objeto en la colección productosNew..."}
{"level":"error","message":"Pasaron cosas al guardar nuevo objeto en la colección productosNew..."}
{"level":"error","message":"Pasaron cosas al guardar nuevo objeto en la colección productosNew..."}
{"level":"error","message":"Error al obtener objeto con id lala de la colección productosNew..."}
{"level":"error","message":"Error al eliminar objeto con id lala de la colección productosNew..."}
{"level":"error","message":"Error al obtener objeto con id lala de la colección productosNew..."}
{"level":"error","message":"Error al eliminar objeto con id lala de la colección productosNew..."}
{"level":"error","message":"Error al obtener objeto con id undefined de la colección productosNew..."}
{"level":"error","message":"Error al eliminar objeto con id undefined de la colección productosNew..."}
{"level":"error","message":"Error al obtener objeto con id lala de la colección productosNew..."}
{"level":"error","message":"Error al eliminar objeto con id lala de la colección productosNew..."}
{"level":"error","message":"Error al obtener objeto con id undefined de la colección productosNew..."}
{"level":"error","message":"Error al editar objeto con id undefined de la colección productosNew..."}
{"level":"error","message":"Error al obtener objeto con id lala de la colección productosNew..."}
{"level":"error","message":"Error al editar objeto con id lala de la colección productosNew..."}
{"level":"error","message":"Error al eliminar objeto con id lala de la colección productosNew..."}
{"level":"error","message":"Error al obtener objeto con id lala de la colección productosNew..."}
{"level":"error","message":"Error al editar objeto con id lala de la colección productosNew..."}
{"level":"error","message":"Error al eliminar objeto con id lala de la colección productosNew..."}
{"level":"error","message":"Error al obtener objeto con id lala de la colección productosNew..."}
{"level":"error","message":"Error al editar objeto con id lala de la colección productosNew..."}
{"level":"error","message":"Error al eliminar objeto con id lala de la colección productosNew..."}
{"level":"error","message":"Error al obtener objeto con id lala de la colección productosNew..."}
{"level":"error","message":"Error al editar objeto con id lala de la colección productosNew..."}
{"level":"error","message":"Error al eliminar objeto con id lala de la colección productosNew..."}
{"level":"error","message":"Error al obtener objeto con id lala de la colección productosNew..."}
{"level":"error","message":"Error al editar objeto con id lala de la colección productosNew..."}
{"level":"error","message":"Error al eliminar objeto con id lala de la colección productosNew..."}
{"level":"error","message":"No existe objeto con id: lala"}
{"level":"error","message":"No existe objeto con id: 4"}
{"level":"error","message":"No existe objeto con id: lala"}
{"level":"error","message":"No existe objeto con id: lala"}
